<?xml version="1.0" encoding="UTF-8"?>
<!-- Generated by org.testng.reporters.JUnitReportReporter -->
<testsuite skipped="0" hostname="LAPTOP-QTUBLDDM" name="TryTestNG.test.InvocationCountTest" tests="10" failures="0" timestamp="06 Dec 2017 06:33:13 GMT" time="0.046" errors="0">
  <testcase name="sum" time="0.004" classname="TryTestNG.test.InvocationCountTest"/>
  <testcase name="sum" time="0.013" classname="TryTestNG.test.InvocationCountTest"/>
  <testcase name="sum" time="0.001" classname="TryTestNG.test.InvocationCountTest"/>
  <testcase name="sum" time="0.001" classname="TryTestNG.test.InvocationCountTest"/>
  <testcase name="sum" time="0.006" classname="TryTestNG.test.InvocationCountTest"/>
  <testcase name="sum" time="0.011" classname="TryTestNG.test.InvocationCountTest"/>
  <testcase name="sum" time="0.001" classname="TryTestNG.test.InvocationCountTest"/>
  <testcase name="sum" time="0.001" classname="TryTestNG.test.InvocationCountTest"/>
  <testcase name="sum" time="0.008" classname="TryTestNG.test.InvocationCountTest"/>
  <testcase name="sum" time="0.000" classname="TryTestNG.test.InvocationCountTest"/>
</testsuite> <!-- TryTestNG.test.InvocationCountTest -->
