<?xml version="1.0" encoding="UTF-8"?>
<!-- Generated by org.testng.reporters.JUnitReportReporter -->
<testsuite skipped="0" hostname="LAPTOP-QTUBLDDM" name="TryTestNG.test.TestNGBasics" tests="3" failures="0" timestamp="06 Dec 2017 06:33:13 GMT" time="0.007" errors="0">
  <testcase name="SearchTest" time="0.004" classname="TryTestNG.test.TestNGBasics"/>
  <testcase name="googleLogTest" time="0.002" classname="TryTestNG.test.TestNGBasics"/>
  <testcase name="googleTitleTest" time="0.001" classname="TryTestNG.test.TestNGBasics"/>
</testsuite> <!-- TryTestNG.test.TestNGBasics -->
