<?xml version="1.0" encoding="UTF-8"?>
<!-- Generated by org.testng.reporters.JUnitReportReporter -->
<testsuite skipped="0" hostname="LAPTOP-QTUBLDDM" name="TryTestNG.test.TestNGFeatures" tests="1" failures="0" timestamp="06 Dec 2017 06:33:13 GMT" time="0.001" errors="0">
  <testcase name="LoginTest" time="0.001" classname="TryTestNG.test.TestNGFeatures"/>
</testsuite> <!-- TryTestNG.test.TestNGFeatures -->
