<?xml version="1.0" encoding="UTF-8"?>
<!-- Generated by org.testng.reporters.JUnitReportReporter -->
<testsuite skipped="0" hostname="LAPTOP-QTUBLDDM" name="TryTestNG.parameters.ParameterTest" tests="1" failures="0" timestamp="06 Dec 2017 07:39:25 GMT" time="14.603" errors="0">
  <testcase name="yahooLoginTest" time="14.603" classname="TryTestNG.parameters.ParameterTest"/>
</testsuite> <!-- TryTestNG.parameters.ParameterTest -->
