<?xml version="1.0" encoding="UTF-8"?>
<!-- Generated by org.testng.reporters.JUnitReportReporter -->
<testsuite skipped="0" hostname="LAPTOP-QTUBLDDM" name="com.datadriven.test.HalfEbeyTest" tests="4" failures="0" timestamp="06 Dec 2017 10:20:16 GMT" time="34.506" errors="0">
  <testcase name="halfEbayRegPageTest" time="8.428" classname="com.datadriven.test.HalfEbeyTest"/>
  <testcase name="halfEbayRegPageTest" time="8.912" classname="com.datadriven.test.HalfEbeyTest"/>
  <testcase name="halfEbayRegPageTest" time="8.299" classname="com.datadriven.test.HalfEbeyTest"/>
  <testcase name="halfEbayRegPageTest" time="8.867" classname="com.datadriven.test.HalfEbeyTest"/>
</testsuite> <!-- com.datadriven.test.HalfEbeyTest -->
