<?xml version="1.0" encoding="UTF-8"?>
<!-- Generated by org.testng.reporters.JUnitReportReporter -->
<testsuite skipped="0" hostname="LAPTOP-QTUBLDDM" name="TryTestNG.test.ExceptionTimeOutTest" tests="1" failures="0" timestamp="06 Dec 2017 06:33:13 GMT" time="0.003" errors="0">
  <testcase name="test1" time="0.003" classname="TryTestNG.test.ExceptionTimeOutTest"/>
</testsuite> <!-- TryTestNG.test.ExceptionTimeOutTest -->
