<?xml version="1.0" encoding="UTF-8"?>
<!-- Generated by org.testng.reporters.JUnitReportReporter -->
<testsuite skipped="0" hostname="LAPTOP-QTUBLDDM" name="TryTestNG.test.GoogleTest" tests="6" failures="0" timestamp="08 Dec 2017 08:31:44 GMT" time="50.400" errors="0">
  <testcase name="GoogleTitleTest" time="14.028" classname="TryTestNG.test.GoogleTest"/>
  <testcase name="googleLogoTest" time="7.404" classname="TryTestNG.test.GoogleTest"/>
  <testcase name="mailLinkTest" time="6.874" classname="TryTestNG.test.GoogleTest"/>
  <testcase name="test1" time="8.886" classname="TryTestNG.test.GoogleTest"/>
  <testcase name="test2" time="6.524" classname="TryTestNG.test.GoogleTest"/>
  <testcase name="test3" time="6.684" classname="TryTestNG.test.GoogleTest"/>
</testsuite> <!-- TryTestNG.test.GoogleTest -->
