<?xml version="1.0" encoding="UTF-8"?>
<!-- Generated by org.testng.reporters.JUnitReportReporter -->
<testsuite skipped="0" hostname="LAPTOP-QTUBLDDM" name="TryTestNG.test.GoogleTest" tests="6" failures="0" timestamp="06 Dec 2017 06:32:19 GMT" time="35.551" errors="0">
  <testcase name="GoogleTitleTest" time="5.734" classname="TryTestNG.test.GoogleTest"/>
  <testcase name="googleLogoTest" time="6.256" classname="TryTestNG.test.GoogleTest"/>
  <testcase name="mailLinkTest" time="5.885" classname="TryTestNG.test.GoogleTest"/>
  <testcase name="test1" time="5.853" classname="TryTestNG.test.GoogleTest"/>
  <testcase name="test2" time="6.154" classname="TryTestNG.test.GoogleTest"/>
  <testcase name="test3" time="5.669" classname="TryTestNG.test.GoogleTest"/>
</testsuite> <!-- TryTestNG.test.GoogleTest -->
