<?xml version="1.0" encoding="UTF-8"?>
<!-- Generated by org.testng.reporters.JUnitReportReporter -->
<testsuite skipped="0" hostname="LAPTOP-QTUBLDDM" name="TryTestNG.test.GoogleTitleTest" tests="2" failures="0" timestamp="06 Dec 2017 06:33:13 GMT" time="12.425" errors="0">
  <testcase name="googleLogoTest" time="6.566" classname="TryTestNG.test.GoogleTitleTest"/>
  <testcase name="googleTitleTest" time="5.859" classname="TryTestNG.test.GoogleTitleTest"/>
</testsuite> <!-- TryTestNG.test.GoogleTitleTest -->
